<?xml version="1.0" encoding="UTF-8"?>
<testng-results skipped="9" failed="0" total="9" passed="0">
  <reporter-output>
  </reporter-output>
  <suite name="Command line suite" duration-ms="37" started-at="2017-09-25T05:41:42Z" finished-at="2017-09-25T05:41:42Z">
    <groups>
    </groups>
    <test name="Command line test" duration-ms="37" started-at="2017-09-25T05:41:42Z" finished-at="2017-09-25T05:41:42Z">
      <class name="com.tests.GalleryPageTest">
        <test-method status="SKIP" signature="initializeTestBaseSetup(java.lang.String, java.lang.String)[pri:0, instance:com.tests.GalleryPageTest@616ca2]" name="initializeTestBaseSetup" is-config="true" duration-ms="0" started-at="2017-09-25T11:11:42Z" finished-at="2017-09-25T11:11:42Z">
          <reporter-output>
          </reporter-output>
        </test-method> <!-- initializeTestBaseSetup -->
        <test-method status="SKIP" signature="clickonFBSharebtn()[pri:1, instance:com.tests.GalleryPageTest@616ca2]" name="clickonFBSharebtn" duration-ms="0" started-at="2017-09-25T11:11:42Z" description="Test Case-2:click on facebook share button" finished-at="2017-09-25T11:11:42Z">
          <reporter-output>
          </reporter-output>
        </test-method> <!-- clickonFBSharebtn -->
        <test-method status="SKIP" signature="setUp()[pri:0, instance:com.tests.GalleryPageTest@616ca2]" name="setUp" is-config="true" duration-ms="0" started-at="2017-09-25T11:11:42Z" finished-at="2017-09-25T11:11:42Z">
          <reporter-output>
          </reporter-output>
        </test-method> <!-- setUp -->
        <test-method status="SKIP" signature="facebookLogin()[pri:2, instance:com.tests.GalleryPageTest@616ca2]" name="facebookLogin" duration-ms="0" started-at="2017-09-25T11:11:42Z" description="Test Case-2:facebook Login" finished-at="2017-09-25T11:11:42Z">
          <reporter-output>
          </reporter-output>
        </test-method> <!-- facebookLogin -->
        <test-method status="SKIP" signature="facebookShare()[pri:3, instance:com.tests.GalleryPageTest@616ca2]" name="facebookShare" duration-ms="0" started-at="2017-09-25T11:11:42Z" description="Test Case-2:facebook Share" finished-at="2017-09-25T11:11:42Z">
          <reporter-output>
          </reporter-output>
        </test-method> <!-- facebookShare -->
        <test-method status="SKIP" signature="tearDown()[pri:0, instance:com.tests.GalleryPageTest@616ca2]" name="tearDown" is-config="true" duration-ms="0" started-at="2017-09-25T11:11:42Z" finished-at="2017-09-25T11:11:42Z">
          <reporter-output>
          </reporter-output>
        </test-method> <!-- tearDown -->
      </class> <!-- com.tests.GalleryPageTest -->
      <class name="com.tests.ProductPageTest">
        <test-method status="FAIL" signature="initializeTestBaseSetup(java.lang.String, java.lang.String)[pri:0, instance:com.tests.ProductPageTest@1fee20c]" name="initializeTestBaseSetup" is-config="true" duration-ms="0" started-at="2017-09-25T11:11:42Z" finished-at="2017-09-25T11:11:42Z">
          <exception class="org.testng.TestNGException">
            <message>
              <![CDATA[
Parameter 'browserType' is required by @Configuration on method initializeTestBaseSetup but has not been marked @Optional or defined
]]>
            </message>
            <full-stacktrace>
              <![CDATA[org.testng.TestNGException: 
Parameter 'browserType' is required by @Configuration on method initializeTestBaseSetup but has not been marked @Optional or defined

	at org.testng.internal.Parameters.createParameters(Parameters.java:154)
	at org.testng.internal.Parameters.createParameters(Parameters.java:361)
	at org.testng.internal.Parameters.createConfigurationParameters(Parameters.java:84)
	at org.testng.internal.Invoker.invokeConfigurations(Invoker.java:201)
	at org.testng.internal.Invoker.invokeConfigurations(Invoker.java:142)
	at org.testng.internal.TestMethodWorker.invokeBeforeClassMethods(TestMethodWorker.java:178)
	at org.testng.internal.TestMethodWorker.run(TestMethodWorker.java:108)
	at org.testng.TestRunner.privateRun(TestRunner.java:782)
	at org.testng.TestRunner.run(TestRunner.java:632)
	at org.testng.SuiteRunner.runTest(SuiteRunner.java:366)
	at org.testng.SuiteRunner.runSequentially(SuiteRunner.java:361)
	at org.testng.SuiteRunner.privateRun(SuiteRunner.java:319)
	at org.testng.SuiteRunner.run(SuiteRunner.java:268)
	at org.testng.SuiteRunnerWorker.runSuite(SuiteRunnerWorker.java:52)
	at org.testng.SuiteRunnerWorker.run(SuiteRunnerWorker.java:86)
	at org.testng.TestNG.runSuitesSequentially(TestNG.java:1244)
	at org.testng.TestNG.runSuitesLocally(TestNG.java:1169)
	at org.testng.TestNG.run(TestNG.java:1064)
	at org.apache.maven.surefire.testng.TestNGExecutor.run(TestNGExecutor.java:77)
	at org.apache.maven.surefire.testng.TestNGDirectoryTestSuite.executeMulti(TestNGDirectoryTestSuite.java:159)
	at org.apache.maven.surefire.testng.TestNGDirectoryTestSuite.execute(TestNGDirectoryTestSuite.java:99)
	at org.apache.maven.surefire.testng.TestNGProvider.invoke(TestNGProvider.java:106)
	at sun.reflect.NativeMethodAccessorImpl.invoke0(Native Method)
	at sun.reflect.NativeMethodAccessorImpl.invoke(NativeMethodAccessorImpl.java:62)
	at sun.reflect.DelegatingMethodAccessorImpl.invoke(DelegatingMethodAccessorImpl.java:43)
	at java.lang.reflect.Method.invoke(Method.java:497)
	at org.apache.maven.surefire.util.ReflectionUtils.invokeMethodWithArray(ReflectionUtils.java:189)
	at org.apache.maven.surefire.booter.ProviderFactory$ProviderProxy.invoke(ProviderFactory.java:165)
	at org.apache.maven.surefire.booter.ProviderFactory.invokeProvider(ProviderFactory.java:85)
	at org.apache.maven.surefire.booter.ForkedBooter.runSuitesInProcess(ForkedBooter.java:115)
	at org.apache.maven.surefire.booter.ForkedBooter.main(ForkedBooter.java:75)
]]>
            </full-stacktrace>
          </exception> <!-- org.testng.TestNGException -->
          <reporter-output>
          </reporter-output>
        </test-method> <!-- initializeTestBaseSetup -->
        <test-method status="SKIP" signature="setUp()[pri:0, instance:com.tests.ProductPageTest@1fee20c]" name="setUp" is-config="true" duration-ms="0" started-at="2017-09-25T11:11:42Z" finished-at="2017-09-25T11:11:42Z">
          <reporter-output>
          </reporter-output>
        </test-method> <!-- setUp -->
        <test-method status="SKIP" signature="viewImagePopup_p()[pri:0, instance:com.tests.ProductPageTest@1fee20c]" name="viewImagePopup_p" duration-ms="4" started-at="2017-09-25T11:11:42Z" description="Test Case-1:View Product page Image pop up" finished-at="2017-09-25T11:11:42Z">
          <reporter-output>
          </reporter-output>
        </test-method> <!-- viewImagePopup_p -->
        <test-method status="SKIP" signature="clickonFBSharebtn()[pri:1, instance:com.tests.ProductPageTest@1fee20c]" name="clickonFBSharebtn" duration-ms="0" started-at="2017-09-25T11:11:42Z" description="Test Case-2:click on facebook share button" finished-at="2017-09-25T11:11:42Z">
          <reporter-output>
          </reporter-output>
        </test-method> <!-- clickonFBSharebtn -->
        <test-method status="SKIP" signature="facebooklogin()[pri:2, instance:com.tests.ProductPageTest@1fee20c]" name="facebooklogin" duration-ms="0" started-at="2017-09-25T11:11:42Z" description="Test Case-3:facebook Login" finished-at="2017-09-25T11:11:42Z">
          <reporter-output>
          </reporter-output>
        </test-method> <!-- facebooklogin -->
        <test-method status="SKIP" signature="twittershare()[pri:5, instance:com.tests.ProductPageTest@1fee20c]" name="twittershare" duration-ms="0" started-at="2017-09-25T11:11:42Z" description="Test Case-5:Twitter Share" finished-at="2017-09-25T11:11:42Z">
          <reporter-output>
          </reporter-output>
        </test-method> <!-- twittershare -->
        <test-method status="SKIP" signature="clickonTweetbtn()[pri:4, instance:com.tests.ProductPageTest@1fee20c]" name="clickonTweetbtn" duration-ms="0" started-at="2017-09-25T11:11:42Z" description="Test Case-5:click on twitter share button" finished-at="2017-09-25T11:11:42Z">
          <reporter-output>
          </reporter-output>
        </test-method> <!-- clickonTweetbtn -->
        <test-method status="SKIP" signature="facebookshare()[pri:3, instance:com.tests.ProductPageTest@1fee20c]" name="facebookshare" duration-ms="0" started-at="2017-09-25T11:11:42Z" description="Test Case-4:facebook Share" finished-at="2017-09-25T11:11:42Z">
          <reporter-output>
          </reporter-output>
        </test-method> <!-- facebookshare -->
        <test-method status="SKIP" signature="tearDown()[pri:0, instance:com.tests.ProductPageTest@1fee20c]" name="tearDown" is-config="true" duration-ms="0" started-at="2017-09-25T11:11:42Z" finished-at="2017-09-25T11:11:42Z">
          <reporter-output>
          </reporter-output>
        </test-method> <!-- tearDown -->
      </class> <!-- com.tests.ProductPageTest -->
    </test> <!-- Command line test -->
  </suite> <!-- Command line suite -->
</testng-results>
