<?xml version="1.0" encoding="UTF-8" ?>
<testsuite tests="15" failures="1" name="TestSuite" time="1.989" errors="0" skipped="14">
  <properties>
[...]
</properties>
  <testcase classname="com.tests.ProductPageTest" name="initializeTestBaseSetup" time="0.987">
    <failure message="
Parameter &apos;browserType&apos; is required by @Configuration on method initializeTestBaseSetup but has not been marked @Optional or defined
" type="org.testng.TestNGException">org.testng.TestNGException: 
Parameter &apos;browserType&apos; is required by @Configuration on method initializeTestBaseSetup but has not been marked @Optional or defined

	at org.testng.internal.Parameters.createParameters(Parameters.java:154)
	at org.testng.internal.Parameters.createParameters(Parameters.java:361)
	at org.testng.internal.Parameters.createConfigurationParameters(Parameters.java:84)
	at org.testng.internal.Invoker.invokeConfigurations(Invoker.java:201)
	at org.testng.internal.Invoker.invokeConfigurations(Invoker.java:142)
	at org.testng.internal.TestMethodWorker.invokeBeforeClassMethods(TestMethodWorker.java:178)
	at org.testng.internal.TestMethodWorker.run(TestMethodWorker.java:108)
	at org.testng.TestRunner.privateRun(TestRunner.java:782)
	at org.testng.TestRunner.run(TestRunner.java:632)
	at org.testng.SuiteRunner.runTest(SuiteRunner.java:366)
	at org.testng.SuiteRunner.runSequentially(SuiteRunner.java:361)
	at org.testng.SuiteRunner.privateRun(SuiteRunner.java:319)
	at org.testng.SuiteRunner.run(SuiteRunner.java:268)
	at org.testng.SuiteRunnerWorker.runSuite(SuiteRunnerWorker.java:52)
	at org.testng.SuiteRunnerWorker.run(SuiteRunnerWorker.java:86)
	at org.testng.TestNG.runSuitesSequentially(TestNG.java:1244)
	at org.testng.TestNG.runSuitesLocally(TestNG.java:1169)
	at org.testng.TestNG.run(TestNG.java:1064)
	at org.apache.maven.surefire.testng.TestNGExecutor.run(TestNGExecutor.java:77)
	at org.apache.maven.surefire.testng.TestNGDirectoryTestSuite.executeMulti(TestNGDirectoryTestSuite.java:159)
	at org.apache.maven.surefire.testng.TestNGDirectoryTestSuite.execute(TestNGDirectoryTestSuite.java:99)
	at org.apache.maven.surefire.testng.TestNGProvider.invoke(TestNGProvider.java:106)
	at sun.reflect.NativeMethodAccessorImpl.invoke0(Native Method)
	at sun.reflect.NativeMethodAccessorImpl.invoke(NativeMethodAccessorImpl.java:62)
	at sun.reflect.DelegatingMethodAccessorImpl.invoke(DelegatingMethodAccessorImpl.java:43)
	at java.lang.reflect.Method.invoke(Method.java:497)
	at org.apache.maven.surefire.util.ReflectionUtils.invokeMethodWithArray(ReflectionUtils.java:189)
	at org.apache.maven.surefire.booter.ProviderFactory$ProviderProxy.invoke(ProviderFactory.java:165)
	at org.apache.maven.surefire.booter.ProviderFactory.invokeProvider(ProviderFactory.java:85)
	at org.apache.maven.surefire.booter.ForkedBooter.runSuitesInProcess(ForkedBooter.java:115)
	at org.apache.maven.surefire.booter.ForkedBooter.main(ForkedBooter.java:75)
</failure>
    <system-out>Configuring TestNG with: org.apache.maven.surefire.testng.conf.TestNG652Configurator@1f4c3
</system-out>
  </testcase>
  <testcase classname="com.tests.ProductPageTest" name="setUp" time="0.988">
    <skipped/>
  </testcase>
  <testcase classname="com.tests.ProductPageTest" name="viewImagePopup_p" time="0.004">
    <skipped/>
  </testcase>
  <testcase classname="com.tests.GalleryPageTest" name="initializeTestBaseSetup" time="0.005">
    <skipped/>
  </testcase>
  <testcase classname="com.tests.GalleryPageTest" name="setUp" time="0.005">
    <skipped/>
  </testcase>
  <testcase classname="com.tests.GalleryPageTest" name="clickonFBSharebtn" time="0">
    <skipped/>
  </testcase>
  <testcase classname="com.tests.ProductPageTest" name="clickonFBSharebtn" time="0">
    <skipped/>
  </testcase>
  <testcase classname="com.tests.GalleryPageTest" name="facebookLogin" time="0">
    <skipped/>
  </testcase>
  <testcase classname="com.tests.ProductPageTest" name="facebooklogin" time="0">
    <skipped/>
  </testcase>
  <testcase classname="com.tests.GalleryPageTest" name="facebookShare" time="0">
    <skipped/>
  </testcase>
  <testcase classname="com.tests.GalleryPageTest" name="tearDown" time="0">
    <skipped/>
  </testcase>
  <testcase classname="com.tests.ProductPageTest" name="facebookshare" time="0">
    <skipped/>
  </testcase>
  <testcase classname="com.tests.ProductPageTest" name="clickonTweetbtn" time="0">
    <skipped/>
  </testcase>
  <testcase classname="com.tests.ProductPageTest" name="twittershare" time="0">
    <skipped/>
  </testcase>
  <testcase classname="com.tests.ProductPageTest" name="tearDown" time="0">
    <skipped/>
  </testcase>
</testsuite>